<?xml version="1.0" encoding="UTF-8"?>
<!-- Generated by org.testng.reporters.JUnitReportReporter -->
<testsuite skipped="0" hostname="Balas-MBP" name="com.qa.autopractice.testcases.SearchTest" tests="1" failures="0" timestamp="13 Jun 2019 00:09:19 GMT" time="0.003" errors="0">
  <testcase name="searchTest" time="0.003" classname="com.qa.autopractice.testcases.SearchTest"/>
</testsuite> <!-- com.qa.autopractice.testcases.SearchTest -->
